# JRE version: OpenJDK Runtime Environment (17.0.10) (build 17.0.10+0--11572160)
# Java VM: OpenJDK 64-Bit Server VM (17.0.10+0--11572160, mixed mode, tiered, compressed oops, compressed class ptrs, g1 gc, windows-amd64)
GC Precious Log:
 CPUs: 8 total, 8 available
 Memory: 7991M
 Large Page Support: Disabled
 NUMA Support: Disabled
 Compressed Oops: Enabled (32-bit)
 Heap Region Size: 1M
 Heap Min Capacity: 8M
 Heap Initial Capacity: 126M
 Heap Max Capacity: 2G
 Pre-touch: Disabled
 Parallel Workers: 8
 Concurrent Workers: 2
 Concurrent Refinement Workers: 8
 Periodic GC: Disabled
Heap:
 garbage-first heap   total 432128K, used 251300K [0x0000000080000000, 0x0000000100000000)
  region size 1024K, 114 young (116736K), 6 survivors (6144K)
 Metaspace       used 106880K, committed 107648K, reserved 1179648K
  class space    used 15097K, committed 15488K, reserved 1048576K
GC Heap History (20 events):
Event: 11.445 GC heap before
{Heap before GC invocations=29 (full 0):
 garbage-first heap   total 165888K, used 134039K [0x0000000080000000, 0x0000000100000000)
  region size 1024K, 49 young (50176K), 1 survivors (1024K)
 Metaspace       used 88071K, committed 88832K, reserved 1179648K
  class space    used 12251K, committed 12608K, reserved 1048576K
}
Event: 11.449 GC heap after
{Heap after GC invocations=30 (full 0):
 garbage-first heap   total 165888K, used 87578K [0x0000000080000000, 0x0000000100000000)
  region size 1024K, 3 young (3072K), 3 survivors (3072K)
 Metaspace       used 88071K, committed 88832K, reserved 1179648K
  class space    used 12251K, committed 12608K, reserved 1048576K
}
Event: 11.975 GC heap before
{Heap before GC invocations=31 (full 0):
 garbage-first heap   total 165888K, used 135706K [0x0000000080000000, 0x0000000100000000)
  region size 1024K, 50 young (51200K), 3 survivors (3072K)
 Metaspace       used 91854K, committed 92544K, reserved 1179648K
  class space    used 12859K, committed 13184K, reserved 1048576K
}
Event: 11.981 GC heap after
{Heap after GC invocations=32 (full 0):
 garbage-first heap   total 165888K, used 90110K [0x0000000080000000, 0x0000000100000000)
  region size 1024K, 6 young (6144K), 6 survivors (6144K)
 Metaspace       used 91854K, committed 92544K, reserved 1179648K
  class space    used 12859K, committed 13184K, reserved 1048576K
}
Event: 11.996 GC heap before
{Heap before GC invocations=32 (full 0):
 garbage-first heap   total 165888K, used 91134K [0x0000000080000000, 0x0000000100000000)
  region size 1024K, 8 young (8192K), 6 survivors (6144K)
 Metaspace       used 92021K, committed 92736K, reserved 1179648K
  class space    used 12885K, committed 13248K, reserved 1048576K
}
Event: 12.001 GC heap after
{Heap after GC invocations=33 (full 0):
 garbage-first heap   total 199680K, used 89929K [0x0000000080000000, 0x0000000100000000)
  region size 1024K, 1 young (1024K), 1 survivors (1024K)
 Metaspace       used 92021K, committed 92736K, reserved 1179648K
  class space    used 12885K, committed 13248K, reserved 1048576K
}
Event: 12.844 GC heap before
{Heap before GC invocations=33 (full 0):
 garbage-first heap   total 199680K, used 161609K [0x0000000080000000, 0x0000000100000000)
  region size 1024K, 71 young (72704K), 1 survivors (1024K)
 Metaspace       used 97720K, committed 98432K, reserved 1179648K
  class space    used 13701K, committed 14080K, reserved 1048576K
}
Event: 12.851 GC heap after
{Heap after GC invocations=34 (full 0):
 garbage-first heap   total 199680K, used 94884K [0x0000000080000000, 0x0000000100000000)
  region size 1024K, 6 young (6144K), 6 survivors (6144K)
 Metaspace       used 97720K, committed 98432K, reserved 1179648K
  class space    used 13701K, committed 14080K, reserved 1048576K
}
Event: 13.622 GC heap before
{Heap before GC invocations=35 (full 0):
 garbage-first heap   total 199680K, used 160420K [0x0000000080000000, 0x0000000100000000)
  region size 1024K, 71 young (72704K), 6 survivors (6144K)
 Metaspace       used 98676K, committed 99392K, reserved 1179648K
  class space    used 13823K, committed 14208K, reserved 1048576K
}
Event: 13.635 GC heap after
{Heap after GC invocations=36 (full 0):
 garbage-first heap   total 199680K, used 100298K [0x0000000080000000, 0x0000000100000000)
  region size 1024K, 6 young (6144K), 6 survivors (6144K)
 Metaspace       used 98676K, committed 99392K, reserved 1179648K
  class space    used 13823K, committed 14208K, reserved 1048576K
}
Event: 13.662 GC heap before
{Heap before GC invocations=36 (full 0):
 garbage-first heap   total 199680K, used 102346K [0x0000000080000000, 0x0000000100000000)
  region size 1024K, 9 young (9216K), 6 survivors (6144K)
 Metaspace       used 98694K, committed 99456K, reserved 1179648K
  class space    used 13823K, committed 14208K, reserved 1048576K
}
Event: 13.666 GC heap after
{Heap after GC invocations=37 (full 0):
 garbage-first heap   total 199680K, used 100200K [0x0000000080000000, 0x0000000100000000)
  region size 1024K, 1 young (1024K), 1 survivors (1024K)
 Metaspace       used 98694K, committed 99456K, reserved 1179648K
  class space    used 13823K, committed 14208K, reserved 1048576K
}
Event: 13.791 GC heap before
{Heap before GC invocations=37 (full 0):
 garbage-first heap   total 199680K, used 120680K [0x0000000080000000, 0x0000000100000000)
  region size 1024K, 23 young (23552K), 1 survivors (1024K)
 Metaspace       used 98887K, committed 99648K, reserved 1179648K
  class space    used 13840K, committed 14208K, reserved 1048576K
}
Event: 13.850 GC heap after
{Heap after GC invocations=38 (full 1):
 garbage-first heap   total 199680K, used 93763K [0x0000000080000000, 0x0000000100000000)
  region size 1024K, 0 young (0K), 0 survivors (0K)
 Metaspace       used 98876K, committed 99648K, reserved 1179648K
  class space    used 13837K, committed 14208K, reserved 1048576K
}
Event: 14.532 GC heap before
{Heap before GC invocations=38 (full 1):
 garbage-first heap   total 199680K, used 174659K [0x0000000080000000, 0x0000000100000000)
  region size 1024K, 64 young (65536K), 0 survivors (0K)
 Metaspace       used 101598K, committed 102336K, reserved 1179648K
  class space    used 14140K, committed 14464K, reserved 1048576K
}
Event: 14.537 GC heap after
{Heap after GC invocations=39 (full 1):
 garbage-first heap   total 199680K, used 112163K [0x0000000080000000, 0x0000000100000000)
  region size 1024K, 7 young (7168K), 7 survivors (7168K)
 Metaspace       used 101598K, committed 102336K, reserved 1179648K
  class space    used 14140K, committed 14464K, reserved 1048576K
}
Event: 14.798 GC heap before
{Heap before GC invocations=39 (full 1):
 garbage-first heap   total 199680K, used 155171K [0x0000000080000000, 0x0000000100000000)
  region size 1024K, 32 young (32768K), 7 survivors (7168K)
 Metaspace       used 103778K, committed 104512K, reserved 1179648K
  class space    used 14474K, committed 14848K, reserved 1048576K
}
Event: 14.803 GC heap after
{Heap after GC invocations=40 (full 1):
 garbage-first heap   total 199680K, used 123951K [0x0000000080000000, 0x0000000100000000)
  region size 1024K, 4 young (4096K), 4 survivors (4096K)
 Metaspace       used 103778K, committed 104512K, reserved 1179648K
  class space    used 14474K, committed 14848K, reserved 1048576K
}
Event: 15.117 GC heap before
{Heap before GC invocations=40 (full 1):
 garbage-first heap   total 199680K, used 172079K [0x0000000080000000, 0x0000000100000000)
  region size 1024K, 42 young (43008K), 4 survivors (4096K)
 Metaspace       used 104058K, committed 104768K, reserved 1179648K
  class space    used 14515K, committed 14848K, reserved 1048576K
}
Event: 15.133 GC heap after
{Heap after GC invocations=41 (full 1):
 garbage-first heap   total 432128K, used 140708K [0x0000000080000000, 0x0000000100000000)
  region size 1024K, 6 young (6144K), 6 survivors (6144K)
 Metaspace       used 104058K, committed 104768K, reserved 1179648K
  class space    used 14515K, committed 14848K, reserved 1048576K
}

