# JRE version: OpenJDK Runtime Environment (17.0.10) (build 17.0.10+0--11572160)
# Java VM: OpenJDK 64-Bit Server VM (17.0.10+0--11572160, mixed mode, tiered, compressed oops, compressed class ptrs, g1 gc, windows-amd64)
GC Precious Log:
 CPUs: 8 total, 8 available
 Memory: 7991M
 Large Page Support: Disabled
 NUMA Support: Disabled
 Compressed Oops: Enabled (32-bit)
 Heap Region Size: 1M
 Heap Min Capacity: 8M
 Heap Initial Capacity: 126M
 Heap Max Capacity: 2G
 Pre-touch: Disabled
 Parallel Workers: 8
 Concurrent Workers: 2
 Concurrent Refinement Workers: 8
 Periodic GC: Disabled
Heap:
 garbage-first heap   total 252928K, used 156241K [0x0000000080000000, 0x0000000100000000)
  region size 1024K, 6 young (6144K), 6 survivors (6144K)
 Metaspace       used 106272K, committed 107008K, reserved 1179648K
  class space    used 14768K, committed 15104K, reserved 1048576K
GC Heap History (20 events):
Event: 16.399 GC heap after
{Heap after GC invocations=36 (full 0):
 garbage-first heap   total 215040K, used 94878K [0x0000000080000000, 0x0000000100000000)
  region size 1024K, 7 young (7168K), 7 survivors (7168K)
 Metaspace       used 97352K, committed 98048K, reserved 1179648K
  class space    used 13622K, committed 13952K, reserved 1048576K
}
Event: 17.406 GC heap before
{Heap before GC invocations=37 (full 0):
 garbage-first heap   total 215040K, used 178846K [0x0000000080000000, 0x0000000100000000)
  region size 1024K, 85 young (87040K), 7 survivors (7168K)
 Metaspace       used 100138K, committed 100864K, reserved 1179648K
  class space    used 13914K, committed 14272K, reserved 1048576K
}
Event: 17.417 GC heap after
{Heap after GC invocations=38 (full 0):
 garbage-first heap   total 215040K, used 100072K [0x0000000080000000, 0x0000000100000000)
  region size 1024K, 11 young (11264K), 11 survivors (11264K)
 Metaspace       used 100138K, committed 100864K, reserved 1179648K
  class space    used 13914K, committed 14272K, reserved 1048576K
}
Event: 17.428 GC heap before
{Heap before GC invocations=38 (full 0):
 garbage-first heap   total 215040K, used 100072K [0x0000000080000000, 0x0000000100000000)
  region size 1024K, 12 young (12288K), 11 survivors (11264K)
 Metaspace       used 100242K, committed 100928K, reserved 1179648K
  class space    used 13928K, committed 14272K, reserved 1048576K
}
Event: 17.436 GC heap after
{Heap after GC invocations=39 (full 0):
 garbage-first heap   total 215040K, used 100741K [0x0000000080000000, 0x0000000100000000)
  region size 1024K, 2 young (2048K), 2 survivors (2048K)
 Metaspace       used 100242K, committed 100928K, reserved 1179648K
  class space    used 13928K, committed 14272K, reserved 1048576K
}
Event: 18.253 GC heap before
{Heap before GC invocations=39 (full 0):
 garbage-first heap   total 215040K, used 178565K [0x0000000080000000, 0x0000000100000000)
  region size 1024K, 75 young (76800K), 2 survivors (2048K)
 Metaspace       used 102572K, committed 103296K, reserved 1179648K
  class space    used 14222K, committed 14592K, reserved 1048576K
}
Event: 18.260 GC heap after
{Heap after GC invocations=40 (full 0):
 garbage-first heap   total 215040K, used 111047K [0x0000000080000000, 0x0000000100000000)
  region size 1024K, 8 young (8192K), 8 survivors (8192K)
 Metaspace       used 102572K, committed 103296K, reserved 1179648K
  class space    used 14222K, committed 14592K, reserved 1048576K
}
Event: 18.529 GC heap before
{Heap before GC invocations=40 (full 0):
 garbage-first heap   total 215040K, used 155079K [0x0000000080000000, 0x0000000100000000)
  region size 1024K, 46 young (47104K), 8 survivors (8192K)
 Metaspace       used 104153K, committed 104896K, reserved 1179648K
  class space    used 14434K, committed 14784K, reserved 1048576K
}
Event: 18.535 GC heap after
{Heap after GC invocations=41 (full 0):
 garbage-first heap   total 215040K, used 122367K [0x0000000080000000, 0x0000000100000000)
  region size 1024K, 6 young (6144K), 6 survivors (6144K)
 Metaspace       used 104153K, committed 104896K, reserved 1179648K
  class space    used 14434K, committed 14784K, reserved 1048576K
}
Event: 18.810 GC heap before
{Heap before GC invocations=41 (full 0):
 garbage-first heap   total 215040K, used 161279K [0x0000000080000000, 0x0000000100000000)
  region size 1024K, 31 young (31744K), 6 survivors (6144K)
 Metaspace       used 106056K, committed 106816K, reserved 1179648K
  class space    used 14730K, committed 15104K, reserved 1048576K
}
Event: 18.816 GC heap after
{Heap after GC invocations=42 (full 0):
 garbage-first heap   total 215040K, used 133451K [0x0000000080000000, 0x0000000100000000)
  region size 1024K, 4 young (4096K), 4 survivors (4096K)
 Metaspace       used 106056K, committed 106816K, reserved 1179648K
  class space    used 14730K, committed 15104K, reserved 1048576K
}
Event: 18.821 GC heap before
{Heap before GC invocations=42 (full 0):
 garbage-first heap   total 215040K, used 141643K [0x0000000080000000, 0x0000000100000000)
  region size 1024K, 6 young (6144K), 4 survivors (4096K)
 Metaspace       used 106057K, committed 106816K, reserved 1179648K
  class space    used 14730K, committed 15104K, reserved 1048576K
}
Event: 18.823 GC heap after
{Heap after GC invocations=43 (full 0):
 garbage-first heap   total 215040K, used 137871K [0x0000000080000000, 0x0000000100000000)
  region size 1024K, 2 young (2048K), 2 survivors (2048K)
 Metaspace       used 106057K, committed 106816K, reserved 1179648K
  class space    used 14730K, committed 15104K, reserved 1048576K
}
Event: 18.824 GC heap before
{Heap before GC invocations=43 (full 0):
 garbage-first heap   total 215040K, used 140943K [0x0000000080000000, 0x0000000100000000)
  region size 1024K, 2 young (2048K), 2 survivors (2048K)
 Metaspace       used 106057K, committed 106816K, reserved 1179648K
  class space    used 14730K, committed 15104K, reserved 1048576K
}
Event: 18.826 GC heap after
{Heap after GC invocations=44 (full 0):
 garbage-first heap   total 215040K, used 140837K [0x0000000080000000, 0x0000000100000000)
  region size 1024K, 1 young (1024K), 1 survivors (1024K)
 Metaspace       used 106057K, committed 106816K, reserved 1179648K
  class space    used 14730K, committed 15104K, reserved 1048576K
}
Event: 19.155 GC heap before
{Heap before GC invocations=45 (full 0):
 garbage-first heap   total 252928K, used 173605K [0x0000000080000000, 0x0000000100000000)
  region size 1024K, 31 young (31744K), 1 survivors (1024K)
 Metaspace       used 106271K, committed 107008K, reserved 1179648K
  class space    used 14768K, committed 15104K, reserved 1048576K
}
Event: 19.169 GC heap after
{Heap after GC invocations=46 (full 0):
 garbage-first heap   total 252928K, used 149424K [0x0000000080000000, 0x0000000100000000)
  region size 1024K, 4 young (4096K), 4 survivors (4096K)
 Metaspace       used 106271K, committed 107008K, reserved 1179648K
  class space    used 14768K, committed 15104K, reserved 1048576K
}
Event: 19.227 GC heap before
{Heap before GC invocations=46 (full 0):
 garbage-first heap   total 252928K, used 157616K [0x0000000080000000, 0x0000000100000000)
  region size 1024K, 12 young (12288K), 4 survivors (4096K)
 Metaspace       used 106272K, committed 107008K, reserved 1179648K
  class space    used 14768K, committed 15104K, reserved 1048576K
}
Event: 19.236 GC heap after
{Heap after GC invocations=47 (full 0):
 garbage-first heap   total 252928K, used 153127K [0x0000000080000000, 0x0000000100000000)
  region size 1024K, 2 young (2048K), 2 survivors (2048K)
 Metaspace       used 106272K, committed 107008K, reserved 1179648K
  class space    used 14768K, committed 15104K, reserved 1048576K
}
Event: 19.289 GC heap before
{Heap before GC invocations=47 (full 0):
 garbage-first heap   total 252928K, used 160295K [0x0000000080000000, 0x0000000100000000)
  region size 1024K, 10 young (10240K), 2 survivors (2048K)
 Metaspace       used 106272K, committed 107008K, reserved 1179648K
  class space    used 14768K, committed 15104K, reserved 1048576K
}

