# JRE version: OpenJDK Runtime Environment (17.0.10) (build 17.0.10+0--11572160)
# Java VM: OpenJDK 64-Bit Server VM (17.0.10+0--11572160, mixed mode, tiered, compressed oops, compressed class ptrs, g1 gc, windows-amd64)
GC Precious Log:
 CPUs: 8 total, 8 available
 Memory: 7991M
 Large Page Support: Disabled
 NUMA Support: Disabled
 Compressed Oops: Enabled (32-bit)
 Heap Region Size: 1M
 Heap Min Capacity: 8M
 Heap Initial Capacity: 126M
 Heap Max Capacity: 2G
 Pre-touch: Disabled
 Parallel Workers: 8
 Concurrent Workers: 2
 Concurrent Refinement Workers: 8
 Periodic GC: Disabled
Heap:
 garbage-first heap   total 219136K, used 166034K [0x0000000080000000, 0x0000000100000000)
  region size 1024K, 4 young (4096K), 4 survivors (4096K)
 Metaspace       used 106826K, committed 107648K, reserved 1179648K
  class space    used 15109K, committed 15488K, reserved 1048576K
GC Heap History (20 events):
Event: 10.771 GC heap after
{Heap after GC invocations=30 (full 0):
 garbage-first heap   total 219136K, used 78628K [0x0000000080000000, 0x0000000100000000)
  region size 1024K, 6 young (6144K), 6 survivors (6144K)
 Metaspace       used 77579K, committed 78208K, reserved 1179648K
  class space    used 10558K, committed 10880K, reserved 1048576K
}
Event: 11.799 GC heap before
{Heap before GC invocations=30 (full 0):
 garbage-first heap   total 219136K, used 166692K [0x0000000080000000, 0x0000000100000000)
  region size 1024K, 92 young (94208K), 6 survivors (6144K)
 Metaspace       used 83134K, committed 83840K, reserved 1179648K
  class space    used 11510K, committed 11840K, reserved 1048576K
}
Event: 11.808 GC heap after
{Heap after GC invocations=31 (full 0):
 garbage-first heap   total 219136K, used 83430K [0x0000000080000000, 0x0000000100000000)
  region size 1024K, 11 young (11264K), 11 survivors (11264K)
 Metaspace       used 83134K, committed 83840K, reserved 1179648K
  class space    used 11510K, committed 11840K, reserved 1048576K
}
Event: 12.979 GC heap before
{Heap before GC invocations=31 (full 0):
 garbage-first heap   total 219136K, used 171494K [0x0000000080000000, 0x0000000100000000)
  region size 1024K, 97 young (99328K), 11 survivors (11264K)
 Metaspace       used 89766K, committed 90496K, reserved 1179648K
  class space    used 12497K, committed 12864K, reserved 1048576K
}
Event: 12.991 GC heap after
{Heap after GC invocations=32 (full 0):
 garbage-first heap   total 219136K, used 88536K [0x0000000080000000, 0x0000000100000000)
  region size 1024K, 10 young (10240K), 10 survivors (10240K)
 Metaspace       used 89766K, committed 90496K, reserved 1179648K
  class space    used 12497K, committed 12864K, reserved 1048576K
}
Event: 14.110 GC heap before
{Heap before GC invocations=32 (full 0):
 garbage-first heap   total 219136K, used 175576K [0x0000000080000000, 0x0000000100000000)
  region size 1024K, 95 young (97280K), 10 survivors (10240K)
 Metaspace       used 97376K, committed 98112K, reserved 1179648K
  class space    used 13655K, committed 14016K, reserved 1048576K
}
Event: 14.120 GC heap after
{Heap after GC invocations=33 (full 0):
 garbage-first heap   total 219136K, used 94337K [0x0000000080000000, 0x0000000100000000)
  region size 1024K, 11 young (11264K), 11 survivors (11264K)
 Metaspace       used 97376K, committed 98112K, reserved 1179648K
  class space    used 13655K, committed 14016K, reserved 1048576K
}
Event: 14.823 GC heap before
{Heap before GC invocations=33 (full 0):
 garbage-first heap   total 219136K, used 175233K [0x0000000080000000, 0x0000000100000000)
  region size 1024K, 91 young (93184K), 11 survivors (11264K)
 Metaspace       used 98775K, committed 99520K, reserved 1179648K
  class space    used 13837K, committed 14208K, reserved 1048576K
}
Event: 14.837 GC heap after
{Heap after GC invocations=34 (full 0):
 garbage-first heap   total 219136K, used 100797K [0x0000000080000000, 0x0000000100000000)
  region size 1024K, 12 young (12288K), 12 survivors (12288K)
 Metaspace       used 98775K, committed 99520K, reserved 1179648K
  class space    used 13837K, committed 14208K, reserved 1048576K
}
Event: 14.969 GC heap before
{Heap before GC invocations=34 (full 0):
 garbage-first heap   total 219136K, used 118205K [0x0000000080000000, 0x0000000100000000)
  region size 1024K, 30 young (30720K), 12 survivors (12288K)
 Metaspace       used 98980K, committed 99712K, reserved 1179648K
  class space    used 13855K, committed 14208K, reserved 1048576K
}
Event: 15.035 GC heap after
{Heap after GC invocations=35 (full 1):
 garbage-first heap   total 219136K, used 93667K [0x0000000080000000, 0x0000000100000000)
  region size 1024K, 0 young (0K), 0 survivors (0K)
 Metaspace       used 98967K, committed 99712K, reserved 1179648K
  class space    used 13851K, committed 14208K, reserved 1048576K
}
Event: 15.566 GC heap before
{Heap before GC invocations=35 (full 1):
 garbage-first heap   total 219136K, used 163299K [0x0000000080000000, 0x0000000100000000)
  region size 1024K, 57 young (58368K), 0 survivors (0K)
 Metaspace       used 100534K, committed 101248K, reserved 1179648K
  class space    used 14006K, committed 14336K, reserved 1048576K
}
Event: 15.572 GC heap after
{Heap after GC invocations=36 (full 1):
 garbage-first heap   total 219136K, used 109027K [0x0000000080000000, 0x0000000100000000)
  region size 1024K, 7 young (7168K), 7 survivors (7168K)
 Metaspace       used 100534K, committed 101248K, reserved 1179648K
  class space    used 14006K, committed 14336K, reserved 1048576K
}
Event: 15.920 GC heap before
{Heap before GC invocations=36 (full 1):
 garbage-first heap   total 219136K, used 163299K [0x0000000080000000, 0x0000000100000000)
  region size 1024K, 40 young (40960K), 7 survivors (7168K)
 Metaspace       used 103790K, committed 104576K, reserved 1179648K
  class space    used 14487K, committed 14848K, reserved 1048576K
}
Event: 15.925 GC heap after
{Heap after GC invocations=37 (full 1):
 garbage-first heap   total 219136K, used 124538K [0x0000000080000000, 0x0000000100000000)
  region size 1024K, 6 young (6144K), 6 survivors (6144K)
 Metaspace       used 103790K, committed 104576K, reserved 1179648K
  class space    used 14487K, committed 14848K, reserved 1048576K
}
Event: 16.224 GC heap before
{Heap before GC invocations=37 (full 1):
 garbage-first heap   total 219136K, used 180858K [0x0000000080000000, 0x0000000100000000)
  region size 1024K, 52 young (53248K), 6 survivors (6144K)
 Metaspace       used 104074K, committed 104832K, reserved 1179648K
  class space    used 14529K, committed 14912K, reserved 1048576K
}
Event: 16.240 GC heap after
{Heap after GC invocations=38 (full 1):
 garbage-first heap   total 219136K, used 144057K [0x0000000080000000, 0x0000000100000000)
  region size 1024K, 7 young (7168K), 7 survivors (7168K)
 Metaspace       used 104074K, committed 104832K, reserved 1179648K
  class space    used 14529K, committed 14912K, reserved 1048576K
}
Event: 16.436 GC heap before
{Heap before GC invocations=38 (full 1):
 garbage-first heap   total 219136K, used 173753K [0x0000000080000000, 0x0000000100000000)
  region size 1024K, 36 young (36864K), 7 survivors (7168K)
 Metaspace       used 106662K, committed 107456K, reserved 1179648K
  class space    used 15103K, committed 15488K, reserved 1048576K
}
Event: 16.450 GC heap after
{Heap after GC invocations=39 (full 1):
 garbage-first heap   total 219136K, used 154083K [0x0000000080000000, 0x0000000100000000)
  region size 1024K, 5 young (5120K), 5 survivors (5120K)
 Metaspace       used 106662K, committed 107456K, reserved 1179648K
  class space    used 15103K, committed 15488K, reserved 1048576K
}
Event: 16.532 GC heap before
{Heap before GC invocations=39 (full 1):
 garbage-first heap   total 219136K, used 177635K [0x0000000080000000, 0x0000000100000000)
  region size 1024K, 28 young (28672K), 5 survivors (5120K)
 Metaspace       used 106826K, committed 107648K, reserved 1179648K
  class space    used 15109K, committed 15488K, reserved 1048576K
}

