# JRE version: OpenJDK Runtime Environment (17.0.10) (build 17.0.10+0--11572160)
# Java VM: OpenJDK 64-Bit Server VM (17.0.10+0--11572160, mixed mode, tiered, compressed oops, compressed class ptrs, g1 gc, windows-amd64)
GC Precious Log:
 CPUs: 8 total, 8 available
 Memory: 7991M
 Large Page Support: Disabled
 NUMA Support: Disabled
 Compressed Oops: Enabled (32-bit)
 Heap Region Size: 1M
 Heap Min Capacity: 8M
 Heap Initial Capacity: 126M
 Heap Max Capacity: 2G
 Pre-touch: Disabled
 Parallel Workers: 8
 Concurrent Workers: 2
 Concurrent Refinement Workers: 8
 Periodic GC: Disabled
Heap:
 garbage-first heap   total 438272K, used 263021K [0x0000000080000000, 0x0000000100000000)
  region size 1024K, 136 young (139264K), 14 survivors (14336K)
 Metaspace       used 111317K, committed 112128K, reserved 1179648K
  class space    used 15117K, committed 15552K, reserved 1048576K
GC Heap History (20 events):
Event: 14.349 GC heap before
{Heap before GC invocations=32 (full 3):
 garbage-first heap   total 164864K, used 88615K [0x0000000080000000, 0x0000000100000000)
  region size 1024K, 1 young (1024K), 0 survivors (0K)
 Metaspace       used 97231K, committed 97984K, reserved 1179648K
  class space    used 13631K, committed 14016K, reserved 1048576K
}
Event: 14.420 GC heap after
{Heap after GC invocations=33 (full 4):
 garbage-first heap   total 164864K, used 88619K [0x0000000080000000, 0x0000000100000000)
  region size 1024K, 0 young (0K), 0 survivors (0K)
 Metaspace       used 97231K, committed 97984K, reserved 1179648K
  class space    used 13631K, committed 14016K, reserved 1048576K
}
Event: 15.121 GC heap before
{Heap before GC invocations=33 (full 4):
 garbage-first heap   total 164864K, used 89643K [0x0000000080000000, 0x0000000100000000)
  region size 1024K, 2 young (2048K), 0 survivors (0K)
 Metaspace       used 97242K, committed 97984K, reserved 1179648K
  class space    used 13631K, committed 14016K, reserved 1048576K
}
Event: 15.175 GC heap after
{Heap after GC invocations=34 (full 5):
 garbage-first heap   total 164864K, used 88622K [0x0000000080000000, 0x0000000100000000)
  region size 1024K, 0 young (0K), 0 survivors (0K)
 Metaspace       used 97242K, committed 97984K, reserved 1179648K
  class space    used 13631K, committed 14016K, reserved 1048576K
}
Event: 15.337 GC heap before
{Heap before GC invocations=34 (full 5):
 garbage-first heap   total 164864K, used 88622K [0x0000000080000000, 0x0000000100000000)
  region size 1024K, 1 young (1024K), 0 survivors (0K)
 Metaspace       used 97242K, committed 97984K, reserved 1179648K
  class space    used 13631K, committed 14016K, reserved 1048576K
}
Event: 15.423 GC heap after
{Heap after GC invocations=35 (full 6):
 garbage-first heap   total 164864K, used 88626K [0x0000000080000000, 0x0000000100000000)
  region size 1024K, 0 young (0K), 0 survivors (0K)
 Metaspace       used 97242K, committed 97984K, reserved 1179648K
  class space    used 13631K, committed 14016K, reserved 1048576K
}
Event: 15.972 GC heap before
{Heap before GC invocations=35 (full 6):
 garbage-first heap   total 164864K, used 135730K [0x0000000080000000, 0x0000000100000000)
  region size 1024K, 46 young (47104K), 0 survivors (0K)
 Metaspace       used 98475K, committed 99200K, reserved 1179648K
  class space    used 13822K, committed 14144K, reserved 1048576K
}
Event: 15.977 GC heap after
{Heap after GC invocations=36 (full 6):
 garbage-first heap   total 164864K, used 93027K [0x0000000080000000, 0x0000000100000000)
  region size 1024K, 5 young (5120K), 5 survivors (5120K)
 Metaspace       used 98475K, committed 99200K, reserved 1179648K
  class space    used 13822K, committed 14144K, reserved 1048576K
}
Event: 16.505 GC heap before
{Heap before GC invocations=36 (full 6):
 garbage-first heap   total 164864K, used 139107K [0x0000000080000000, 0x0000000100000000)
  region size 1024K, 46 young (47104K), 5 survivors (5120K)
 Metaspace       used 102093K, committed 102912K, reserved 1179648K
  class space    used 14199K, committed 14592K, reserved 1048576K
}
Event: 16.511 GC heap after
{Heap after GC invocations=37 (full 6):
 garbage-first heap   total 164864K, used 96316K [0x0000000080000000, 0x0000000100000000)
  region size 1024K, 4 young (4096K), 4 survivors (4096K)
 Metaspace       used 102093K, committed 102912K, reserved 1179648K
  class space    used 14199K, committed 14592K, reserved 1048576K
}
Event: 16.889 GC heap before
{Heap before GC invocations=37 (full 6):
 garbage-first heap   total 164864K, used 144444K [0x0000000080000000, 0x0000000100000000)
  region size 1024K, 43 young (44032K), 4 survivors (4096K)
 Metaspace       used 102259K, committed 103040K, reserved 1179648K
  class space    used 14200K, committed 14592K, reserved 1048576K
}
Event: 16.901 GC heap after
{Heap after GC invocations=38 (full 6):
 garbage-first heap   total 169984K, used 116920K [0x0000000080000000, 0x0000000100000000)
  region size 1024K, 6 young (6144K), 6 survivors (6144K)
 Metaspace       used 102259K, committed 103040K, reserved 1179648K
  class space    used 14200K, committed 14592K, reserved 1048576K
}
Event: 17.055 GC heap before
{Heap before GC invocations=38 (full 6):
 garbage-first heap   total 169984K, used 135352K [0x0000000080000000, 0x0000000100000000)
  region size 1024K, 24 young (24576K), 6 survivors (6144K)
 Metaspace       used 102518K, committed 103232K, reserved 1179648K
  class space    used 14224K, committed 14592K, reserved 1048576K
}
Event: 17.061 GC heap after
{Heap after GC invocations=39 (full 6):
 garbage-first heap   total 169984K, used 122309K [0x0000000080000000, 0x0000000100000000)
  region size 1024K, 3 young (3072K), 3 survivors (3072K)
 Metaspace       used 102518K, committed 103232K, reserved 1179648K
  class space    used 14224K, committed 14592K, reserved 1048576K
}
Event: 17.367 GC heap before
{Heap before GC invocations=40 (full 6):
 garbage-first heap   total 215040K, used 144837K [0x0000000080000000, 0x0000000100000000)
  region size 1024K, 18 young (18432K), 3 survivors (3072K)
 Metaspace       used 102748K, committed 103552K, reserved 1179648K
  class space    used 14243K, committed 14656K, reserved 1048576K
}
Event: 17.373 GC heap after
{Heap after GC invocations=41 (full 6):
 garbage-first heap   total 215040K, used 126098K [0x0000000080000000, 0x0000000100000000)
  region size 1024K, 3 young (3072K), 3 survivors (3072K)
 Metaspace       used 102748K, committed 103552K, reserved 1179648K
  class space    used 14243K, committed 14656K, reserved 1048576K
}
Event: 17.859 GC heap before
{Heap before GC invocations=41 (full 6):
 garbage-first heap   total 215040K, used 180370K [0x0000000080000000, 0x0000000100000000)
  region size 1024K, 40 young (40960K), 3 survivors (3072K)
 Metaspace       used 103204K, committed 104064K, reserved 1179648K
  class space    used 14284K, committed 14720K, reserved 1048576K
}
Event: 17.869 GC heap after
{Heap after GC invocations=42 (full 6):
 garbage-first heap   total 438272K, used 128898K [0x0000000080000000, 0x0000000100000000)
  region size 1024K, 3 young (3072K), 3 survivors (3072K)
 Metaspace       used 103204K, committed 104064K, reserved 1179648K
  class space    used 14284K, committed 14720K, reserved 1048576K
}
Event: 18.626 GC heap before
{Heap before GC invocations=42 (full 6):
 garbage-first heap   total 438272K, used 297858K [0x0000000080000000, 0x0000000100000000)
  region size 1024K, 169 young (173056K), 3 survivors (3072K)
 Metaspace       used 108472K, committed 109248K, reserved 1179648K
  class space    used 14783K, committed 15168K, reserved 1048576K
}
Event: 18.640 GC heap after
{Heap after GC invocations=43 (full 6):
 garbage-first heap   total 438272K, used 140141K [0x0000000080000000, 0x0000000100000000)
  region size 1024K, 14 young (14336K), 14 survivors (14336K)
 Metaspace       used 108472K, committed 109248K, reserved 1179648K
  class space    used 14783K, committed 15168K, reserved 1048576K
}

