# JRE version: OpenJDK Runtime Environment (17.0.10) (build 17.0.10+0--11572160)
# Java VM: OpenJDK 64-Bit Server VM (17.0.10+0--11572160, mixed mode, tiered, compressed oops, compressed class ptrs, g1 gc, windows-amd64)
GC Precious Log:
 CPUs: 8 total, 8 available
 Memory: 7991M
 Large Page Support: Disabled
 NUMA Support: Disabled
 Compressed Oops: Enabled (32-bit)
 Heap Region Size: 1M
 Heap Min Capacity: 8M
 Heap Initial Capacity: 126M
 Heap Max Capacity: 2G
 Pre-touch: Disabled
 Parallel Workers: 8
 Concurrent Workers: 2
 Concurrent Refinement Workers: 8
 Periodic GC: Disabled
Heap:
 garbage-first heap   total 331776K, used 199292K [0x0000000080000000, 0x0000000100000000)
  region size 1024K, 6 young (6144K), 6 survivors (6144K)
 Metaspace       used 114388K, committed 115136K, reserved 1179648K
  class space    used 16098K, committed 16448K, reserved 1048576K
GC Heap History (20 events):
Event: 18.632 GC heap after
{Heap after GC invocations=51 (full 0):
 garbage-first heap   total 177152K, used 98176K [0x0000000080000000, 0x0000000100000000)
  region size 1024K, 5 young (5120K), 5 survivors (5120K)
 Metaspace       used 97867K, committed 98624K, reserved 1179648K
  class space    used 13718K, committed 14080K, reserved 1048576K
}
Event: 19.226 GC heap before
{Heap before GC invocations=51 (full 0):
 garbage-first heap   total 177152K, used 150400K [0x0000000080000000, 0x0000000100000000)
  region size 1024K, 52 young (53248K), 5 survivors (5120K)
 Metaspace       used 101051K, committed 101760K, reserved 1179648K
  class space    used 14028K, committed 14400K, reserved 1048576K
}
Event: 19.233 GC heap after
{Heap after GC invocations=52 (full 0):
 garbage-first heap   total 177152K, used 100841K [0x0000000080000000, 0x0000000100000000)
  region size 1024K, 4 young (4096K), 4 survivors (4096K)
 Metaspace       used 101051K, committed 101760K, reserved 1179648K
  class space    used 14028K, committed 14400K, reserved 1048576K
}
Event: 19.578 GC heap before
{Heap before GC invocations=52 (full 0):
 garbage-first heap   total 177152K, used 144873K [0x0000000080000000, 0x0000000100000000)
  region size 1024K, 48 young (49152K), 4 survivors (4096K)
 Metaspace       used 102227K, committed 102976K, reserved 1179648K
  class space    used 14195K, committed 14592K, reserved 1048576K
}
Event: 19.584 GC heap after
{Heap after GC invocations=53 (full 0):
 garbage-first heap   total 177152K, used 104642K [0x0000000080000000, 0x0000000100000000)
  region size 1024K, 6 young (6144K), 6 survivors (6144K)
 Metaspace       used 102227K, committed 102976K, reserved 1179648K
  class space    used 14195K, committed 14592K, reserved 1048576K
}
Event: 19.783 GC heap before
{Heap before GC invocations=53 (full 0):
 garbage-first heap   total 177152K, used 156866K [0x0000000080000000, 0x0000000100000000)
  region size 1024K, 47 young (48128K), 6 survivors (6144K)
 Metaspace       used 103083K, committed 103808K, reserved 1179648K
  class space    used 14312K, committed 14656K, reserved 1048576K
}
Event: 19.790 GC heap after
{Heap after GC invocations=54 (full 0):
 garbage-first heap   total 308224K, used 121820K [0x0000000080000000, 0x0000000100000000)
  region size 1024K, 6 young (6144K), 6 survivors (6144K)
 Metaspace       used 103083K, committed 103808K, reserved 1179648K
  class space    used 14312K, committed 14656K, reserved 1048576K
}
Event: 19.819 GC heap before
{Heap before GC invocations=54 (full 0):
 garbage-first heap   total 308224K, used 123868K [0x0000000080000000, 0x0000000100000000)
  region size 1024K, 9 young (9216K), 6 survivors (6144K)
 Metaspace       used 103306K, committed 104064K, reserved 1179648K
  class space    used 14339K, committed 14720K, reserved 1048576K
}
Event: 19.888 GC heap after
{Heap after GC invocations=55 (full 1):
 garbage-first heap   total 308224K, used 112005K [0x0000000080000000, 0x0000000100000000)
  region size 1024K, 0 young (0K), 0 survivors (0K)
 Metaspace       used 103301K, committed 104064K, reserved 1179648K
  class space    used 14338K, committed 14720K, reserved 1048576K
}
Event: 20.491 GC heap before
{Heap before GC invocations=55 (full 1):
 garbage-first heap   total 308224K, used 216453K [0x0000000080000000, 0x0000000100000000)
  region size 1024K, 76 young (77824K), 0 survivors (0K)
 Metaspace       used 106672K, committed 107392K, reserved 1179648K
  class space    used 14822K, committed 15168K, reserved 1048576K
}
Event: 20.505 GC heap after
{Heap after GC invocations=56 (full 1):
 garbage-first heap   total 308224K, used 140794K [0x0000000080000000, 0x0000000100000000)
  region size 1024K, 17 young (17408K), 17 survivors (17408K)
 Metaspace       used 106672K, committed 107392K, reserved 1179648K
  class space    used 14822K, committed 15168K, reserved 1048576K
}
Event: 20.942 GC heap before
{Heap before GC invocations=56 (full 1):
 garbage-first heap   total 308224K, used 240122K [0x0000000080000000, 0x0000000100000000)
  region size 1024K, 113 young (115712K), 17 survivors (17408K)
 Metaspace       used 109479K, committed 110208K, reserved 1179648K
  class space    used 15399K, committed 15744K, reserved 1048576K
}
Event: 21.026 GC heap after
{Heap after GC invocations=57 (full 1):
 garbage-first heap   total 308224K, used 182079K [0x0000000080000000, 0x0000000100000000)
  region size 1024K, 15 young (15360K), 15 survivors (15360K)
 Metaspace       used 109479K, committed 110208K, reserved 1179648K
  class space    used 15399K, committed 15744K, reserved 1048576K
}
Event: 21.418 GC heap before
{Heap before GC invocations=57 (full 1):
 garbage-first heap   total 308224K, used 230207K [0x0000000080000000, 0x0000000100000000)
  region size 1024K, 63 young (64512K), 15 survivors (15360K)
 Metaspace       used 111919K, committed 112704K, reserved 1179648K
  class space    used 15728K, committed 16064K, reserved 1048576K
}
Event: 21.450 GC heap after
{Heap after GC invocations=58 (full 1):
 garbage-first heap   total 308224K, used 199557K [0x0000000080000000, 0x0000000100000000)
  region size 1024K, 8 young (8192K), 8 survivors (8192K)
 Metaspace       used 111919K, committed 112704K, reserved 1179648K
  class space    used 15728K, committed 16064K, reserved 1048576K
}
Event: 22.209 GC heap before
{Heap before GC invocations=59 (full 1):
 garbage-first heap   total 331776K, used 227205K [0x0000000080000000, 0x0000000100000000)
  region size 1024K, 46 young (47104K), 8 survivors (8192K)
 Metaspace       used 113527K, committed 114240K, reserved 1179648K
  class space    used 15986K, committed 16320K, reserved 1048576K
}
Event: 22.219 GC heap after
{Heap after GC invocations=60 (full 1):
 garbage-first heap   total 331776K, used 192901K [0x0000000080000000, 0x0000000100000000)
  region size 1024K, 4 young (4096K), 4 survivors (4096K)
 Metaspace       used 113527K, committed 114240K, reserved 1179648K
  class space    used 15986K, committed 16320K, reserved 1048576K
}
Event: 22.307 GC heap before
{Heap before GC invocations=60 (full 1):
 garbage-first heap   total 331776K, used 204165K [0x0000000080000000, 0x0000000100000000)
  region size 1024K, 16 young (16384K), 4 survivors (4096K)
 Metaspace       used 113930K, committed 114688K, reserved 1179648K
  class space    used 16040K, committed 16384K, reserved 1048576K
}
Event: 22.312 GC heap after
{Heap after GC invocations=61 (full 1):
 garbage-first heap   total 331776K, used 193445K [0x0000000080000000, 0x0000000100000000)
  region size 1024K, 2 young (2048K), 2 survivors (2048K)
 Metaspace       used 113930K, committed 114688K, reserved 1179648K
  class space    used 16040K, committed 16384K, reserved 1048576K
}
Event: 22.786 GC heap before
{Heap before GC invocations=61 (full 1):
 garbage-first heap   total 331776K, used 254885K [0x0000000080000000, 0x0000000100000000)
  region size 1024K, 60 young (61440K), 2 survivors (2048K)
 Metaspace       used 114388K, committed 115136K, reserved 1179648K
  class space    used 16098K, committed 16448K, reserved 1048576K
}

